[0m19:07:41.326901 [debug] [MainThread]: Sending event: {'category': 'dbt', 'action': 'invocation', 'label': 'start', 'context': [<snowplow_tracker.self_describing_json.SelfDescribingJson object at 0x786793c58cd0>, <snowplow_tracker.self_describing_json.SelfDescribingJson object at 0x786790d8b210>, <snowplow_tracker.self_describing_json.SelfDescribingJson object at 0x786790ef7750>]}


============================== 19:07:41.345513 | cea6eb10-7be5-45fc-a10a-684101e85320 ==============================
[0m19:07:41.345513 [info ] [MainThread]: Running with dbt=1.11.2
[0m19:07:41.346143 [debug] [MainThread]: running dbt with arguments {'profiles_dir': '/home/vscode/.dbt', 'log_cache_events': 'False', 'debug': 'False', 'printer_width': '80', 'use_experimental_parser': 'False', 'introspect': 'True', 'warn_error_options': 'WarnErrorOptionsV2(error=[], warn=[], silence=[])', 'log_format': 'default', 'empty': 'None', 'version_check': 'True', 'send_anonymous_usage_stats': 'True', 'partial_parse': 'True', 'cache_selected_only': 'False', 'log_path': 'logs', 'quiet': 'False', 'no_print': 'None', 'warn_error': 'None', 'target_path': 'None', 'static_parser': 'True', 'write_json': 'True', 'use_colors': 'True', 'invocation_command': 'dbt init raleigh_analytics', 'fail_fast': 'False', 'indirect_selection': 'eager'}
[0m19:07:41.360251 [info ] [MainThread]: Creating dbt configuration folder at /home/vscode/.dbt
[0m19:07:41.361536 [debug] [MainThread]: Starter project path: /home/vscode/.local/lib/python3.11/site-packages/dbt/include/starter_project
[0m19:07:41.367026 [info ] [MainThread]: 
Your new dbt project "raleigh_analytics" was created!

For more information on how to configure the profiles.yml file,
please consult the dbt documentation here:

  https://docs.getdbt.com/docs/configure-your-profile

One more thing:

Need help? Don't hesitate to reach out to us via GitHub issues or on Slack:

  https://community.getdbt.com/

Happy modeling!

[0m19:07:41.367695 [info ] [MainThread]: Setting up your profile.
[0m19:08:05.925563 [info ] [MainThread]: Profile raleigh_analytics written to /home/vscode/.dbt/profiles.yml using target's sample configuration. Once updated, you'll be able to start developing with dbt.
[0m19:08:05.927943 [debug] [MainThread]: Resource report: {"command_name": "init", "command_success": true, "command_wall_clock_time": 24.651903, "process_in_blocks": "8800", "process_kernel_time": 0.284055, "process_mem_max_rss": "136900", "process_out_blocks": "72", "process_user_time": 1.435175}
[0m19:08:05.928601 [debug] [MainThread]: Command `dbt init` succeeded at 19:08:05.928498 after 24.65 seconds
[0m19:08:05.929015 [debug] [MainThread]: Sending event: {'category': 'dbt', 'action': 'invocation', 'label': 'end', 'context': [<snowplow_tracker.self_describing_json.SelfDescribingJson object at 0x786790d78450>, <snowplow_tracker.self_describing_json.SelfDescribingJson object at 0x786790c68610>, <snowplow_tracker.self_describing_json.SelfDescribingJson object at 0x786791069950>]}
[0m19:08:05.929424 [debug] [MainThread]: Flushing usage events
[0m19:08:06.025311 [debug] [MainThread]: An error was encountered while trying to flush usage events
